<?xml version="1.0" encoding="UTF-8"?>
<testsuite xmlns:xsi="http://www.w3.org/2001/XMLSchema-instance" xsi:schemaLocation="https://maven.apache.org/surefire/maven-surefire-plugin/xsd/surefire-test-report.xsd" name="com.lol.vendotron.dto.ChangeTest" time="0.015" tests="5" errors="0" skipped="0" failures="0">
  <properties>
[...]
</properties>
  <testcase name="test91Cents" classname="com.lol.vendotron.dto.ChangeTest" time="0.009"/>
  <testcase name="test131Cents" classname="com.lol.vendotron.dto.ChangeTest" time="0"/>
  <testcase name="test0Cents" classname="com.lol.vendotron.dto.ChangeTest" time="0"/>
  <testcase name="test7Cents" classname="com.lol.vendotron.dto.ChangeTest" time="0"/>
  <testcase name="test23Cents" classname="com.lol.vendotron.dto.ChangeTest" time="0"/>
</testsuite>